c:\users\thutte\source\repos\thuctapkythuatlaptrinhnam2\thuctapkythuatlaptrinhnam2\debug\vc142.pdb
c:\users\thutte\source\repos\thuctapkythuatlaptrinhnam2\thuctapkythuatlaptrinhnam2\debug\vc142.idb
c:\users\thutte\source\repos\thuctapkythuatlaptrinhnam2\thuctapkythuatlaptrinhnam2\debug\thuctapkythuatlaptrinhnam2.obj
c:\users\thutte\source\repos\thuctapkythuatlaptrinhnam2\thuctapkythuatlaptrinhnam2\debug\student.obj
c:\users\thutte\source\repos\thuctapkythuatlaptrinhnam2\thuctapkythuatlaptrinhnam2\debug\filemanager.obj
c:\users\thutte\source\repos\thuctapkythuatlaptrinhnam2\debug\thuctapkythuatlaptrinhnam2.exe
c:\users\thutte\source\repos\thuctapkythuatlaptrinhnam2\debug\thuctapkythuatlaptrinhnam2.ilk
c:\users\thutte\source\repos\thuctapkythuatlaptrinhnam2\debug\thuctapkythuatlaptrinhnam2.pdb
c:\users\thang\source\repos\ttktlt\debug\filemanager.obj
c:\users\thang\source\repos\ttktlt\debug\student.obj
c:\users\thang\source\repos\ttktlt\debug\thuctapkythuatlaptrinhnam2.obj
c:\users\thang\source\repos\ttktlt\debug\student.new.obj.enc
c:\users\thang\source\repos\ttktlt\debug\vc142.idb
c:\users\thang\source\repos\ttktlt\debug\vc142.pdb
c:\users\thang\source\repos\ttktlt\debug\thuctapk.f2532604.tlog\cl.command.1.tlog
c:\users\thang\source\repos\ttktlt\debug\thuctapk.f2532604.tlog\cl.read.1.tlog
c:\users\thang\source\repos\ttktlt\debug\thuctapk.f2532604.tlog\cl.write.1.tlog
c:\users\thang\source\repos\ttktlt\debug\thuctapk.f2532604.tlog\link.command.1.tlog
c:\users\thang\source\repos\ttktlt\debug\thuctapk.f2532604.tlog\link.read.1.tlog
c:\users\thang\source\repos\ttktlt\debug\thuctapk.f2532604.tlog\link.write.1.tlog
